2023-05-15 21:08:33,665:[critical]	./LimbusLocalize/Localize/CN/CN_DailyLoginEvent.json
	Traceback (most recent call last):
  File "/home/runner/work/Limbus-Company-Work-Dataset/Limbus-Company-Work-Dataset/run.py", line 154, in main
    last = check(merge(transform(fetch_json(i))), last)
  File "/home/runner/work/Limbus-Company-Work-Dataset/Limbus-Company-Work-Dataset/run.py", line 89, in transform
    if len(data[keys[0]]["dataList"]) == len(data[keys[1]]["dataList"]) == len(data[keys[-1]]["dataList"]) == len(data[keys[-2]]["dataList"]):
IndexError: list index out of range

2023-05-15 21:08:33,718:[critical]	./LimbusLocalize/Localize/CN/CN_MentalCondition.json
	Traceback (most recent call last):
  File "/home/runner/work/Limbus-Company-Work-Dataset/Limbus-Company-Work-Dataset/run.py", line 154, in main
    last = check(merge(transform(fetch_json(i))), last)
  File "/home/runner/work/Limbus-Company-Work-Dataset/Limbus-Company-Work-Dataset/run.py", line 89, in transform
    if len(data[keys[0]]["dataList"]) == len(data[keys[1]]["dataList"]) == len(data[keys[-1]]["dataList"]) == len(data[keys[-2]]["dataList"]):
IndexError: list index out of range

2023-05-15 21:08:33,718:[critical]	./LimbusLocalize/Localize/CN/CN_NickName.json
	Traceback (most recent call last):
  File "/home/runner/work/Limbus-Company-Work-Dataset/Limbus-Company-Work-Dataset/run.py", line 154, in main
    last = check(merge(transform(fetch_json(i))), last)
  File "/home/runner/work/Limbus-Company-Work-Dataset/Limbus-Company-Work-Dataset/run.py", line 89, in transform
    if len(data[keys[0]]["dataList"]) == len(data[keys[1]]["dataList"]) == len(data[keys[-1]]["dataList"]) == len(data[keys[-2]]["dataList"]):
KeyError: 'dataList'

2023-05-15 21:08:33,722:[critical]	./LimbusLocalize/Localize/CN/CN_AbEvents_Mirror.json
	Traceback (most recent call last):
  File "/home/runner/work/Limbus-Company-Work-Dataset/Limbus-Company-Work-Dataset/run.py", line 154, in main
    last = check(merge(transform(fetch_json(i))), last)
  File "/home/runner/work/Limbus-Company-Work-Dataset/Limbus-Company-Work-Dataset/run.py", line 101, in transform
    for q in h.keys():
AttributeError: 'str' object has no attribute 'keys'

2023-05-15 21:08:33,812:[critical]	./LimbusLocalize/Localize/CN/CN_StoryTheaterDanteNoteDetail.json
	Traceback (most recent call last):
  File "/home/runner/work/Limbus-Company-Work-Dataset/Limbus-Company-Work-Dataset/run.py", line 154, in main
    last = check(merge(transform(fetch_json(i))), last)
  File "/home/runner/work/Limbus-Company-Work-Dataset/Limbus-Company-Work-Dataset/run.py", line 89, in transform
    if len(data[keys[0]]["dataList"]) == len(data[keys[1]]["dataList"]) == len(data[keys[-1]]["dataList"]) == len(data[keys[-2]]["dataList"]):
IndexError: list index out of range

2023-05-15 21:08:33,863:[critical]	./LimbusLocalize/Localize/CN/CN_AbEvents.json
	Traceback (most recent call last):
  File "/home/runner/work/Limbus-Company-Work-Dataset/Limbus-Company-Work-Dataset/run.py", line 154, in main
    last = check(merge(transform(fetch_json(i))), last)
  File "/home/runner/work/Limbus-Company-Work-Dataset/Limbus-Company-Work-Dataset/run.py", line 101, in transform
    for q in h.keys():
AttributeError: 'str' object has no attribute 'keys'

2023-05-15 21:08:34,010:[critical]	./LimbusLocalize/Localize/CN/CN_StoryTheaterDanteNote.json
	Traceback (most recent call last):
  File "/home/runner/work/Limbus-Company-Work-Dataset/Limbus-Company-Work-Dataset/run.py", line 154, in main
    last = check(merge(transform(fetch_json(i))), last)
  File "/home/runner/work/Limbus-Company-Work-Dataset/Limbus-Company-Work-Dataset/run.py", line 89, in transform
    if len(data[keys[0]]["dataList"]) == len(data[keys[1]]["dataList"]) == len(data[keys[-1]]["dataList"]) == len(data[keys[-2]]["dataList"]):
IndexError: list index out of range

2023-05-15 21:08:34,082:[critical]	./LimbusLocalize/Localize/CN/PersonalityVoiceDlg/CN_Voice_Sinclair_Ncorp_11005.json
	Traceback (most recent call last):
  File "/home/runner/work/Limbus-Company-Work-Dataset/Limbus-Company-Work-Dataset/run.py", line 154, in main
    last = check(merge(transform(fetch_json(i))), last)
  File "/home/runner/work/Limbus-Company-Work-Dataset/Limbus-Company-Work-Dataset/run.py", line 89, in transform
    if len(data[keys[0]]["dataList"]) == len(data[keys[1]]["dataList"]) == len(data[keys[-1]]["dataList"]) == len(data[keys[-2]]["dataList"]):
IndexError: list index out of range

2023-05-15 21:08:34,107:[critical]	./LimbusLocalize/Localize/CN/PersonalityVoiceDlg/CN_Voice_Donquixote_Ncorp_10304.json
	Traceback (most recent call last):
  File "/home/runner/work/Limbus-Company-Work-Dataset/Limbus-Company-Work-Dataset/run.py", line 154, in main
    last = check(merge(transform(fetch_json(i))), last)
  File "/home/runner/work/Limbus-Company-Work-Dataset/Limbus-Company-Work-Dataset/run.py", line 89, in transform
    if len(data[keys[0]]["dataList"]) == len(data[keys[1]]["dataList"]) == len(data[keys[-1]]["dataList"]) == len(data[keys[-2]]["dataList"]):
IndexError: list index out of range

2023-05-15 21:08:34,488:[critical]	./LimbusLocalize/Localize/CN/StoryData/CN_P11005.json
	Traceback (most recent call last):
  File "/home/runner/work/Limbus-Company-Work-Dataset/Limbus-Company-Work-Dataset/run.py", line 154, in main
    last = check(merge(transform(fetch_json(i))), last)
  File "/home/runner/work/Limbus-Company-Work-Dataset/Limbus-Company-Work-Dataset/run.py", line 89, in transform
    if len(data[keys[0]]["dataList"]) == len(data[keys[1]]["dataList"]) == len(data[keys[-1]]["dataList"]) == len(data[keys[-2]]["dataList"]):
IndexError: list index out of range

2023-05-15 21:08:34,572:[critical]	./LimbusLocalize/Localize/CN/StoryData/CN_P10304.json
	Traceback (most recent call last):
  File "/home/runner/work/Limbus-Company-Work-Dataset/Limbus-Company-Work-Dataset/run.py", line 154, in main
    last = check(merge(transform(fetch_json(i))), last)
  File "/home/runner/work/Limbus-Company-Work-Dataset/Limbus-Company-Work-Dataset/run.py", line 89, in transform
    if len(data[keys[0]]["dataList"]) == len(data[keys[1]]["dataList"]) == len(data[keys[-1]]["dataList"]) == len(data[keys[-2]]["dataList"]):
IndexError: list index out of range

2023-05-15 21:08:34,653:[critical]	./LimbusLocalize/Localize/CN/StoryData/CN_E010X.json
	Traceback (most recent call last):
  File "/home/runner/work/Limbus-Company-Work-Dataset/Limbus-Company-Work-Dataset/run.py", line 154, in main
    last = check(merge(transform(fetch_json(i))), last)
  File "/home/runner/work/Limbus-Company-Work-Dataset/Limbus-Company-Work-Dataset/run.py", line 89, in transform
    if len(data[keys[0]]["dataList"]) == len(data[keys[1]]["dataList"]) == len(data[keys[-1]]["dataList"]) == len(data[keys[-2]]["dataList"]):
IndexError: list index out of range

